[2026-05-13 20:46:21.879] [drdaemon] [info] ===============================================================
[2026-05-13 20:46:21.880] [drdaemon] [info] Log manager initialized - DR Daemon session started
[2026-05-13 20:46:21.880] [drdaemon] [info] ===============================================================
[2026-05-13 20:46:21.880] [drdaemon] [info] DR Daemon starting...
[2026-05-13 20:46:21.880] [drdaemon] [info] Starting DR Daemon - target: drengsrv.exe, interval: 0.5s
[2026-05-13 20:46:21.880] [drdaemon] [info] Target process set to: drengsrv.exe
[2026-05-13 20:46:21.880] [drdaemon] [info] Log directory name set to: log
[2026-05-13 20:46:21.880] [drdaemon] [info] Dump directory name set to: log
[2026-05-13 20:46:21.880] [drdaemon] [warning] Cannot set monitor interval: ProcessMonitor not initialized
[2026-05-13 20:46:21.880] [drdaemon] [info] Configuring follow process: recoverit.exe
[2026-05-13 20:46:21.880] [drdaemon] [info] Process follow exit enabled - will exit when 'recoverit.exe' exits
[2026-05-13 20:46:21.880] [drdaemon] [info] Configuring report policy: 2
[2026-05-13 20:46:21.880] [drdaemon] [info] Report policy set to: 2 - Only when valid dumps generated
[2026-05-13 20:46:21.880] [drdaemon] [info] Initializing service components...
[2026-05-13 20:46:21.880] [drdaemon] [info] Initializing daemon service components...
[2026-05-13 20:46:21.880] [drdaemon] [info] ProcessMonitor initialized
[2026-05-13 20:46:21.880] [drdaemon] [info] Created crash report directory: C:\ProgramData\Wondershare\Recoverit\drdaemon\CrashReports
[2026-05-13 20:46:21.880] [drdaemon] [info] Log directory name set to: log
[2026-05-13 20:46:21.880] [drdaemon] [info] Dump directory name set to: log
[2026-05-13 20:46:21.881] [drdaemon] [info] CrashReportPackager initialized
[2026-05-13 20:46:21.881] [drdaemon] [info] DaemonCrashReporter: Attempting to locate drreporter at: 
[2026-05-13 20:46:21.881] [drdaemon] [error] DaemonCrashReporter: drreporter.exe not found at: 
[2026-05-13 20:46:21.881] [drdaemon] [info] DaemonCrashReporter: Searching alternative locations...
[2026-05-13 20:46:21.881] [drdaemon] [error] DaemonCrashReporter: drreporter.exe not found in any location
[2026-05-13 20:46:21.881] [drdaemon] [warning] Error: Failed to initialize DR Reporter, will use fallback upload method
[2026-05-13 20:46:21.881] [drdaemon] [info] Using default upload (DR Reporter not available)
[2026-05-13 20:46:21.881] [drdaemon] [info] Setting default upload callback...
[2026-05-13 20:46:21.881] [drdaemon] [info] Default upload configured (local storage only)
[2026-05-13 20:46:21.881] [drdaemon] [info] Initializing follow process monitor for: recoverit.exe
[2026-05-13 20:46:21.881] [drdaemon] [info] Follow process monitor initialized - will exit when 'recoverit.exe' exits
[2026-05-13 20:46:21.881] [drdaemon] [info] IPC trigger event created (session-local): Local\\DRDaemon.TriggerCollect
[2026-05-13 20:46:21.881] [drdaemon] [info] Daemon service initialized successfully - monitoring: drengsrv.exe
[2026-05-13 20:46:21.881] [drdaemon] [info] Daemon service started successfully
[2026-05-13 20:46:21.881] [drdaemon] [info] Service configured - upload method: Default
[2026-05-13 20:46:21.881] [drdaemon] [warning] Using local storage only - crash reports will not be uploaded
[2026-05-13 20:46:21.881] [drdaemon] [info] Starting main service loop...
[2026-05-13 20:46:21.881] [drdaemon] [info] Starting daemon service main loop - target: drengsrv.exe, follow: recoverit.exe, upload: Default, policy: Only when valid dumps generated
[2026-05-13 20:46:21.881] [drdaemon] [info] Starting process monitor for: drengsrv.exe
[2026-05-13 20:46:21.881] [drdaemon] [info] Process monitor started successfully
[2026-05-13 20:46:21.881] [drdaemon] [info] Starting process monitor for: recoverit.exe
[2026-05-13 20:46:21.881] [drdaemon] [info] Process monitor loop started for: drengsrv.exe
[2026-05-13 20:46:21.881] [drdaemon] [info] Follow process monitor started - tracking 'recoverit.exe'
[2026-05-13 20:46:21.881] [drdaemon] [info] Process monitor loop started for: recoverit.exe
[2026-05-13 20:46:21.889] [drdaemon] [info] Process recoverit.exe started (PID: 11084)
[2026-05-13 20:46:21.889] [drdaemon] [info] Process drengsrv.exe started (PID: 14068)
[2026-05-13 21:31:32.771] [drdaemon] [warning] Process drengsrv.exe has exited (PID: 14068)
[2026-05-13 21:31:32.771] [drdaemon] [info] Process exit type: ABNORMAL
[2026-05-13 21:31:32.771] [drdaemon] [warning] Process drengsrv.exe (PID: 14068) exited, abnormal: true
[2026-05-13 21:31:32.771] [drdaemon] [info] Current report policy: Only when valid dumps generated
[2026-05-13 21:31:32.771] [drdaemon] [info] Abnormal exit detected - starting real-time WER dump monitoring...
[2026-05-13 21:31:34.414] [drdaemon] [warning] Process recoverit.exe has exited (PID: 11084)
[2026-05-13 21:31:34.414] [drdaemon] [info] Process exit type: NORMAL
[2026-05-13 21:31:34.414] [drdaemon] [info] Follow process 'recoverit.exe' (PID: 11084) has exited, abnormal: false
[2026-05-13 21:31:34.414] [drdaemon] [info] Daemon will exit following the target process
[2026-05-13 21:31:36.199] [drdaemon] [info] Daemon service main loop ended - reason: stop requested
[2026-05-13 21:31:36.199] [drdaemon] [info] Stopping process monitor...
[2026-05-13 21:31:36.199] [drdaemon] [info] Process monitor loop ended for: drengsrv.exe
[2026-05-13 21:31:36.199] [drdaemon] [info] Process monitor stopped
[2026-05-13 21:31:36.199] [drdaemon] [info] Stopping process monitor...
[2026-05-13 21:31:36.199] [drdaemon] [info] Process monitor loop ended for: recoverit.exe
[2026-05-13 21:31:36.199] [drdaemon] [info] Process monitor stopped
[2026-05-13 21:31:36.199] [drdaemon] [info] DR Daemon stopping...
